<?xml version="1.0" encoding="UTF-8" ?>
<testsuite failures="0" time="35.346" errors="0" skipped="0" tests="4" name="InjectedTest">
  <properties>
[...]
</properties>
  <testcase time="0.198" classname="org.jvnet.hudson.test.JellyTestSuiteBuilder$JellyCheck" name="jenkins\\plugins\\browserScreen\\BrowserScreenView\\configure-entries.jelly"/>
  <testcase time="0.006" classname="org.jvnet.hudson.test.JellyTestSuiteBuilder$JellyCheck" name="jenkins\\plugins\\browserScreen\\BrowserScreenView\\index.jelly"/>
  <testcase time="0" classname="org.jvnet.hudson.test.junit.FailedTest" name="org.jvnet.hudson.test.JellyTestSuiteBuilder$JellyTestSuite"/>
  <testcase time="9.931" classname="org.jvnet.hudson.test.PluginAutomaticTestBuilder$CliSanityTest" name="testCliSanity"/>
</testsuite>